<?xml version="1.0" encoding="UTF-8"?>
<robot generator="Robot 7.1.1 (Python 3.10.7 on win32)" generated="2025-01-09T23:39:06.563362" rpa="false" schemaversion="5">
<suite id="s1" name="UAT-Lab7-002" source="D:\Software_engineer\WebDemo-master\WebDemo-master\UAT-Lab7-002.robot">
<test id="s1-t1" name="Test case 1 : Empty Destination" line="17">
<kw name="Open Browser" owner="SeleniumLibrary">
<msg time="2025-01-09T23:39:06.882011" level="WARN">exexcutable_path is being deprecated. Please use service to configure the driver's executable_path as per documentation.</msg>
<msg time="2025-01-09T23:39:06.883540" level="INFO">Opening browser 'Chrome' to base url 'http://localhost:7272/Form.html'.</msg>
<arg>${BASE_URL}</arg>
<arg>Chrome</arg>
<arg>executable_path=${CHROME_DRIVER_PATH}</arg>
<doc>Opens a new browser instance to the optional ``url``.</doc>
<status status="PASS" start="2025-01-09T23:39:06.882011" elapsed="2.601563"/>
</kw>
<kw name="Set Selenium Speed" owner="SeleniumLibrary">
<arg>${DELAY}</arg>
<doc>Sets the delay that is waited after each Selenium command.</doc>
<status status="PASS" start="2025-01-09T23:39:09.484589" elapsed="0.000998"/>
</kw>
<kw name="Input Text" owner="SeleniumLibrary">
<msg time="2025-01-09T23:39:09.488597" level="INFO">Typing text 'Somsong' into text field 'id=firstname'.</msg>
<arg>id=firstname</arg>
<arg>${FIRST_NAME}</arg>
<doc>Types the given ``text`` into the text field identified by ``locator``.</doc>
<status status="PASS" start="2025-01-09T23:39:09.487626" elapsed="0.322622"/>
</kw>
<kw name="Input Text" owner="SeleniumLibrary">
<msg time="2025-01-09T23:39:09.813752" level="INFO">Typing text 'Sandee' into text field 'id=lastname'.</msg>
<arg>id=lastname</arg>
<arg>${LAST_NAME}</arg>
<doc>Types the given ``text`` into the text field identified by ``locator``.</doc>
<status status="PASS" start="2025-01-09T23:39:09.812246" elapsed="0.120093"/>
</kw>
<kw name="Input Text" owner="SeleniumLibrary">
<msg time="2025-01-09T23:39:09.933340" level="INFO">Typing text '' into text field 'id=destination'.</msg>
<arg>id=destination</arg>
<arg>${Empty}</arg>
<doc>Types the given ``text`` into the text field identified by ``locator``.</doc>
<status status="PASS" start="2025-01-09T23:39:09.932339" elapsed="0.078560"/>
</kw>
<kw name="Input Text" owner="SeleniumLibrary">
<msg time="2025-01-09T23:39:10.011898" level="INFO">Typing text 'Sodsai Sandee' into text field 'id=contactperson'.</msg>
<arg>id=contactperson</arg>
<arg>${CONTACT_PERSON}</arg>
<doc>Types the given ``text`` into the text field identified by ``locator``.</doc>
<status status="PASS" start="2025-01-09T23:39:10.011898" elapsed="0.104386"/>
</kw>
<kw name="Input Text" owner="SeleniumLibrary">
<msg time="2025-01-09T23:39:10.118295" level="INFO">Typing text 'Mother' into text field 'id=relationship'.</msg>
<arg>id=relationship</arg>
<arg>${RELATIONSHIP}</arg>
<doc>Types the given ``text`` into the text field identified by ``locator``.</doc>
<status status="PASS" start="2025-01-09T23:39:10.117279" elapsed="0.089222"/>
</kw>
<kw name="Input Text" owner="SeleniumLibrary">
<msg time="2025-01-09T23:39:10.207500" level="INFO">Typing text 'somsong@kkumail.com' into text field 'id=email'.</msg>
<arg>id=email</arg>
<arg>${EMAIL}</arg>
<doc>Types the given ``text`` into the text field identified by ``locator``.</doc>
<status status="PASS" start="2025-01-09T23:39:10.206501" elapsed="0.110813"/>
</kw>
<kw name="Input Text" owner="SeleniumLibrary">
<msg time="2025-01-09T23:39:10.321314" level="INFO">Typing text '081-111-1234' into text field 'id=phone'.</msg>
<arg>id=phone</arg>
<arg>${PHONE_NO}</arg>
<doc>Types the given ``text`` into the text field identified by ``locator``.</doc>
<status status="PASS" start="2025-01-09T23:39:10.320324" elapsed="0.128128"/>
</kw>
<kw name="Click Button" owner="SeleniumLibrary">
<msg time="2025-01-09T23:39:10.449962" level="INFO">Clicking button 'id=submitButton'.</msg>
<arg>id=submitButton</arg>
<doc>Clicks the button identified by ``locator``.</doc>
<status status="PASS" start="2025-01-09T23:39:10.449962" elapsed="0.128392"/>
</kw>
<kw name="Page Should Contain" owner="SeleniumLibrary">
<msg time="2025-01-09T23:39:10.736642" level="INFO" html="true">&lt;/td&gt;&lt;/tr&gt;&lt;tr&gt;&lt;td colspan="3"&gt;&lt;a href="selenium-screenshot-20.png"&gt;&lt;img src="selenium-screenshot-20.png" width="800px"&gt;&lt;/a&gt;</msg>
<msg time="2025-01-09T23:39:10.736642" level="FAIL">Page should have contained text '*Please enter Destination !!!' but did not.</msg>
<arg>*Please enter Destination !!!</arg>
<doc>Verifies that current page contains ``text``.</doc>
<status status="FAIL" start="2025-01-09T23:39:10.578354" elapsed="0.161288">Page should have contained text '*Please enter Destination !!!' but did not.</status>
</kw>
<kw name="Close Browser" owner="SeleniumLibrary">
<doc>Closes the current browser.</doc>
<status status="NOT RUN" start="2025-01-09T23:39:10.739642" elapsed="0.000000"/>
</kw>
<status status="FAIL" start="2025-01-09T23:39:06.882011" elapsed="3.857631">Page should have contained text '*Please enter Destination !!!' but did not.</status>
</test>
<test id="s1-t2" name="Test case 2 : Empty Email" line="31">
<kw name="Open Browser" owner="SeleniumLibrary">
<msg time="2025-01-09T23:39:10.741645" level="WARN">exexcutable_path is being deprecated. Please use service to configure the driver's executable_path as per documentation.</msg>
<msg time="2025-01-09T23:39:10.741967" level="INFO">Opening browser 'Chrome' to base url 'http://localhost:7272/Form.html'.</msg>
<arg>${BASE_URL}</arg>
<arg>Chrome</arg>
<arg>executable_path=${CHROME_DRIVER_PATH}</arg>
<doc>Opens a new browser instance to the optional ``url``.</doc>
<status status="PASS" start="2025-01-09T23:39:10.740640" elapsed="1.830539"/>
</kw>
<kw name="Set Selenium Speed" owner="SeleniumLibrary">
<arg>${DELAY}</arg>
<doc>Sets the delay that is waited after each Selenium command.</doc>
<status status="PASS" start="2025-01-09T23:39:12.590121" elapsed="0.000993"/>
</kw>
<kw name="Input Text" owner="SeleniumLibrary">
<msg time="2025-01-09T23:39:12.594633" level="INFO">Typing text 'Somsong' into text field 'id=firstname'.</msg>
<arg>id=firstname</arg>
<arg>${FIRST_NAME}</arg>
<doc>Types the given ``text`` into the text field identified by ``locator``.</doc>
<status status="PASS" start="2025-01-09T23:39:12.593622" elapsed="0.328111"/>
</kw>
<kw name="Input Text" owner="SeleniumLibrary">
<msg time="2025-01-09T23:39:12.925292" level="INFO">Typing text 'Sandee' into text field 'id=lastname'.</msg>
<arg>id=lastname</arg>
<arg>${LAST_NAME}</arg>
<doc>Types the given ``text`` into the text field identified by ``locator``.</doc>
<status status="PASS" start="2025-01-09T23:39:12.924302" elapsed="0.187575"/>
</kw>
<kw name="Input Text" owner="SeleniumLibrary">
<msg time="2025-01-09T23:39:13.113386" level="INFO">Typing text 'Europe' into text field 'id=destination'.</msg>
<arg>id=destination</arg>
<arg>${DESTINATION}</arg>
<doc>Types the given ``text`` into the text field identified by ``locator``.</doc>
<status status="PASS" start="2025-01-09T23:39:13.113386" elapsed="0.111479"/>
</kw>
<kw name="Input Text" owner="SeleniumLibrary">
<msg time="2025-01-09T23:39:13.226354" level="INFO">Typing text 'Sodsai Sandee' into text field 'id=contactperson'.</msg>
<arg>id=contactperson</arg>
<arg>${CONTACT_PERSON}</arg>
<doc>Types the given ``text`` into the text field identified by ``locator``.</doc>
<status status="PASS" start="2025-01-09T23:39:13.224865" elapsed="0.149083"/>
</kw>
<kw name="Input Text" owner="SeleniumLibrary">
<msg time="2025-01-09T23:39:13.374956" level="INFO">Typing text 'Mother' into text field 'id=relationship'.</msg>
<arg>id=relationship</arg>
<arg>${RELATIONSHIP}</arg>
<doc>Types the given ``text`` into the text field identified by ``locator``.</doc>
<status status="PASS" start="2025-01-09T23:39:13.373948" elapsed="0.135845"/>
</kw>
<kw name="Input Text" owner="SeleniumLibrary">
<msg time="2025-01-09T23:39:13.512277" level="INFO">Typing text '' into text field 'id=email'.</msg>
<arg>id=email</arg>
<arg>${Empty}</arg>
<doc>Types the given ``text`` into the text field identified by ``locator``.</doc>
<status status="PASS" start="2025-01-09T23:39:13.511250" elapsed="0.118408"/>
</kw>
<kw name="Input Text" owner="SeleniumLibrary">
<msg time="2025-01-09T23:39:13.630655" level="INFO">Typing text '081-111-1234' into text field 'id=phone'.</msg>
<arg>id=phone</arg>
<arg>${PHONE_NO}</arg>
<doc>Types the given ``text`` into the text field identified by ``locator``.</doc>
<status status="PASS" start="2025-01-09T23:39:13.630655" elapsed="0.149921"/>
</kw>
<kw name="Click Button" owner="SeleniumLibrary">
<msg time="2025-01-09T23:39:13.781568" level="INFO">Clicking button 'id=submitButton'.</msg>
<arg>id=submitButton</arg>
<doc>Clicks the button identified by ``locator``.</doc>
<status status="PASS" start="2025-01-09T23:39:13.781568" elapsed="0.127713"/>
</kw>
<kw name="Page Should Contain" owner="SeleniumLibrary">
<msg time="2025-01-09T23:39:13.923502" level="INFO">Current page contains text '*Please enter an email!!'.</msg>
<arg>*Please enter an email!!</arg>
<doc>Verifies that current page contains ``text``.</doc>
<status status="PASS" start="2025-01-09T23:39:13.909281" elapsed="0.014221"/>
</kw>
<kw name="Close Browser" owner="SeleniumLibrary">
<doc>Closes the current browser.</doc>
<status status="PASS" start="2025-01-09T23:39:13.924512" elapsed="2.689253"/>
</kw>
<status status="PASS" start="2025-01-09T23:39:10.740640" elapsed="5.875094"/>
</test>
<test id="s1-t3" name="Test case 3 : Invalid Email" line="45">
<kw name="Open Browser" owner="SeleniumLibrary">
<msg time="2025-01-09T23:39:16.625435" level="WARN">exexcutable_path is being deprecated. Please use service to configure the driver's executable_path as per documentation.</msg>
<msg time="2025-01-09T23:39:16.628466" level="INFO">Opening browser 'Chrome' to base url 'http://localhost:7272/Form.html'.</msg>
<arg>${BASE_URL}</arg>
<arg>Chrome</arg>
<arg>executable_path=${CHROME_DRIVER_PATH}</arg>
<doc>Opens a new browser instance to the optional ``url``.</doc>
<status status="PASS" start="2025-01-09T23:39:16.624424" elapsed="1.894698"/>
</kw>
<kw name="Set Selenium Speed" owner="SeleniumLibrary">
<arg>${DELAY}</arg>
<doc>Sets the delay that is waited after each Selenium command.</doc>
<status status="PASS" start="2025-01-09T23:39:18.521121" elapsed="0.000999"/>
</kw>
<kw name="Input Text" owner="SeleniumLibrary">
<msg time="2025-01-09T23:39:18.523633" level="INFO">Typing text 'Somsong' into text field 'id=firstname'.</msg>
<arg>id=firstname</arg>
<arg>${FIRST_NAME}</arg>
<doc>Types the given ``text`` into the text field identified by ``locator``.</doc>
<status status="PASS" start="2025-01-09T23:39:18.522120" elapsed="0.157636"/>
</kw>
<kw name="Input Text" owner="SeleniumLibrary">
<msg time="2025-01-09T23:39:18.679756" level="INFO">Typing text 'Sandee' into text field 'id=lastname'.</msg>
<arg>id=lastname</arg>
<arg>${LAST_NAME}</arg>
<doc>Types the given ``text`` into the text field identified by ``locator``.</doc>
<status status="PASS" start="2025-01-09T23:39:18.679756" elapsed="0.133554"/>
</kw>
<kw name="Input Text" owner="SeleniumLibrary">
<msg time="2025-01-09T23:39:18.816851" level="INFO">Typing text 'Europe' into text field 'id=destination'.</msg>
<arg>id=destination</arg>
<arg>${DESTINATION}</arg>
<doc>Types the given ``text`` into the text field identified by ``locator``.</doc>
<status status="PASS" start="2025-01-09T23:39:18.814863" elapsed="0.109845"/>
</kw>
<kw name="Input Text" owner="SeleniumLibrary">
<msg time="2025-01-09T23:39:18.925707" level="INFO">Typing text 'Sodsai Sandee' into text field 'id=contactperson'.</msg>
<arg>id=contactperson</arg>
<arg>${CONTACT_PERSON}</arg>
<doc>Types the given ``text`` into the text field identified by ``locator``.</doc>
<status status="PASS" start="2025-01-09T23:39:18.924708" elapsed="0.090600"/>
</kw>
<kw name="Input Text" owner="SeleniumLibrary">
<msg time="2025-01-09T23:39:19.016331" level="INFO">Typing text 'Mother' into text field 'id=relationship'.</msg>
<arg>id=relationship</arg>
<arg>${RELATIONSHIP}</arg>
<doc>Types the given ``text`` into the text field identified by ``locator``.</doc>
<status status="PASS" start="2025-01-09T23:39:19.016331" elapsed="0.067078"/>
</kw>
<kw name="Input Text" owner="SeleniumLibrary">
<msg time="2025-01-09T23:39:19.084414" level="INFO">Typing text 'somsong@' into text field 'id=email'.</msg>
<arg>id=email</arg>
<arg>somsong@</arg>
<doc>Types the given ``text`` into the text field identified by ``locator``.</doc>
<status status="PASS" start="2025-01-09T23:39:19.084414" elapsed="0.095000"/>
</kw>
<kw name="Input Text" owner="SeleniumLibrary">
<msg time="2025-01-09T23:39:19.180419" level="INFO">Typing text '081-111-1234' into text field 'id=phone'.</msg>
<arg>id=phone</arg>
<arg>${PHONE_NO}</arg>
<doc>Types the given ``text`` into the text field identified by ``locator``.</doc>
<status status="PASS" start="2025-01-09T23:39:19.180419" elapsed="0.109424"/>
</kw>
<kw name="Click Button" owner="SeleniumLibrary">
<msg time="2025-01-09T23:39:19.290858" level="INFO">Clicking button 'id=submitButton'.</msg>
<arg>id=submitButton</arg>
<doc>Clicks the button identified by ``locator``.</doc>
<status status="PASS" start="2025-01-09T23:39:19.289843" elapsed="0.083540"/>
</kw>
<kw name="Page Should Contain" owner="SeleniumLibrary">
<msg time="2025-01-09T23:39:19.389101" level="INFO">Current page contains text '*Please enter a valid email!!'.</msg>
<arg>*Please enter a valid email!!</arg>
<doc>Verifies that current page contains ``text``.</doc>
<status status="PASS" start="2025-01-09T23:39:19.373383" elapsed="0.015718"/>
</kw>
<kw name="Close Browser" owner="SeleniumLibrary">
<doc>Closes the current browser.</doc>
<status status="PASS" start="2025-01-09T23:39:19.389101" elapsed="2.463198"/>
</kw>
<status status="PASS" start="2025-01-09T23:39:16.622728" elapsed="5.233768"/>
</test>
<test id="s1-t4" name="Test case 4 : Empty Phone Number" line="59">
<kw name="Open Browser" owner="SeleniumLibrary">
<msg time="2025-01-09T23:39:21.871683" level="WARN">exexcutable_path is being deprecated. Please use service to configure the driver's executable_path as per documentation.</msg>
<msg time="2025-01-09T23:39:21.876218" level="INFO">Opening browser 'Chrome' to base url 'http://localhost:7272/Form.html'.</msg>
<arg>${BASE_URL}</arg>
<arg>Chrome</arg>
<arg>executable_path=${CHROME_DRIVER_PATH}</arg>
<doc>Opens a new browser instance to the optional ``url``.</doc>
<status status="PASS" start="2025-01-09T23:39:21.869661" elapsed="1.916964"/>
</kw>
<kw name="Set Selenium Speed" owner="SeleniumLibrary">
<arg>${DELAY}</arg>
<doc>Sets the delay that is waited after each Selenium command.</doc>
<status status="PASS" start="2025-01-09T23:39:23.787618" elapsed="0.001002"/>
</kw>
<kw name="Input Text" owner="SeleniumLibrary">
<msg time="2025-01-09T23:39:23.789621" level="INFO">Typing text 'Somsong' into text field 'id=firstname'.</msg>
<arg>id=firstname</arg>
<arg>${FIRST_NAME}</arg>
<doc>Types the given ``text`` into the text field identified by ``locator``.</doc>
<status status="PASS" start="2025-01-09T23:39:23.789621" elapsed="0.135570"/>
</kw>
<kw name="Input Text" owner="SeleniumLibrary">
<msg time="2025-01-09T23:39:23.927192" level="INFO">Typing text 'Sandee' into text field 'id=lastname'.</msg>
<arg>id=lastname</arg>
<arg>${LAST_NAME}</arg>
<doc>Types the given ``text`` into the text field identified by ``locator``.</doc>
<status status="PASS" start="2025-01-09T23:39:23.926193" elapsed="0.143196"/>
</kw>
<kw name="Input Text" owner="SeleniumLibrary">
<msg time="2025-01-09T23:39:24.072389" level="INFO">Typing text 'Europe' into text field 'id=destination'.</msg>
<arg>id=destination</arg>
<arg>${DESTINATION}</arg>
<doc>Types the given ``text`` into the text field identified by ``locator``.</doc>
<status status="PASS" start="2025-01-09T23:39:24.071391" elapsed="0.096245"/>
</kw>
<kw name="Input Text" owner="SeleniumLibrary">
<msg time="2025-01-09T23:39:24.169636" level="INFO">Typing text 'Sodsai Sandee' into text field 'id=contactperson'.</msg>
<arg>id=contactperson</arg>
<arg>${CONTACT_PERSON}</arg>
<doc>Types the given ``text`` into the text field identified by ``locator``.</doc>
<status status="PASS" start="2025-01-09T23:39:24.168638" elapsed="0.092516"/>
</kw>
<kw name="Input Text" owner="SeleniumLibrary">
<msg time="2025-01-09T23:39:24.263274" level="INFO">Typing text 'Mother' into text field 'id=relationship'.</msg>
<arg>id=relationship</arg>
<arg>${RELATIONSHIP}</arg>
<doc>Types the given ``text`` into the text field identified by ``locator``.</doc>
<status status="PASS" start="2025-01-09T23:39:24.262249" elapsed="0.089160"/>
</kw>
<kw name="Input Text" owner="SeleniumLibrary">
<msg time="2025-01-09T23:39:24.352408" level="INFO">Typing text 'somsong@kkumail.com' into text field 'id=email'.</msg>
<arg>id=email</arg>
<arg>${EMAIL}</arg>
<doc>Types the given ``text`` into the text field identified by ``locator``.</doc>
<status status="PASS" start="2025-01-09T23:39:24.351409" elapsed="0.096433"/>
</kw>
<kw name="Input Text" owner="SeleniumLibrary">
<msg time="2025-01-09T23:39:24.448860" level="INFO">Typing text '' into text field 'id=phone'.</msg>
<arg>id=phone</arg>
<arg>${Empty}</arg>
<doc>Types the given ``text`` into the text field identified by ``locator``.</doc>
<status status="PASS" start="2025-01-09T23:39:24.448860" elapsed="0.077835"/>
</kw>
<kw name="Click Button" owner="SeleniumLibrary">
<msg time="2025-01-09T23:39:24.526695" level="INFO">Clicking button 'id=submitButton'.</msg>
<arg>id=submitButton</arg>
<doc>Clicks the button identified by ``locator``.</doc>
<status status="PASS" start="2025-01-09T23:39:24.526695" elapsed="0.077565"/>
</kw>
<kw name="Page Should Contain" owner="SeleniumLibrary">
<msg time="2025-01-09T23:39:24.616081" level="INFO">Current page contains text '*Please enter a phone number!!'.</msg>
<arg>*Please enter a phone number!!</arg>
<doc>Verifies that current page contains ``text``.</doc>
<status status="PASS" start="2025-01-09T23:39:24.604260" elapsed="0.011821"/>
</kw>
<kw name="Close Browser" owner="SeleniumLibrary">
<doc>Closes the current browser.</doc>
<status status="PASS" start="2025-01-09T23:39:24.617054" elapsed="2.380221"/>
</kw>
<status status="PASS" start="2025-01-09T23:39:21.864665" elapsed="5.135600"/>
</test>
<test id="s1-t5" name="Test case 5 : Invalid Phone Number" line="73">
<kw name="Open Browser" owner="SeleniumLibrary">
<msg time="2025-01-09T23:39:27.007924" level="WARN">exexcutable_path is being deprecated. Please use service to configure the driver's executable_path as per documentation.</msg>
<msg time="2025-01-09T23:39:27.009823" level="INFO">Opening browser 'Chrome' to base url 'http://localhost:7272/Form.html'.</msg>
<arg>${BASE_URL}</arg>
<arg>Chrome</arg>
<arg>executable_path=${CHROME_DRIVER_PATH}</arg>
<doc>Opens a new browser instance to the optional ``url``.</doc>
<status status="PASS" start="2025-01-09T23:39:27.006922" elapsed="1.966717"/>
</kw>
<kw name="Set Selenium Speed" owner="SeleniumLibrary">
<arg>${DELAY}</arg>
<doc>Sets the delay that is waited after each Selenium command.</doc>
<status status="PASS" start="2025-01-09T23:39:28.974652" elapsed="0.000995"/>
</kw>
<kw name="Input Text" owner="SeleniumLibrary">
<msg time="2025-01-09T23:39:28.976648" level="INFO">Typing text 'Somsong' into text field 'id=firstname'.</msg>
<arg>id=firstname</arg>
<arg>${FIRST_NAME}</arg>
<doc>Types the given ``text`` into the text field identified by ``locator``.</doc>
<status status="PASS" start="2025-01-09T23:39:28.975647" elapsed="0.140530"/>
</kw>
<kw name="Input Text" owner="SeleniumLibrary">
<msg time="2025-01-09T23:39:29.117178" level="INFO">Typing text 'Sandee' into text field 'id=lastname'.</msg>
<arg>id=lastname</arg>
<arg>${LAST_NAME}</arg>
<doc>Types the given ``text`` into the text field identified by ``locator``.</doc>
<status status="PASS" start="2025-01-09T23:39:29.117178" elapsed="0.121709"/>
</kw>
<kw name="Input Text" owner="SeleniumLibrary">
<msg time="2025-01-09T23:39:29.239890" level="INFO">Typing text 'Europe' into text field 'id=destination'.</msg>
<arg>id=destination</arg>
<arg>${DESTINATION}</arg>
<doc>Types the given ``text`` into the text field identified by ``locator``.</doc>
<status status="PASS" start="2025-01-09T23:39:29.238887" elapsed="0.092715"/>
</kw>
<kw name="Input Text" owner="SeleniumLibrary">
<msg time="2025-01-09T23:39:29.333599" level="INFO">Typing text 'Sodsai Sandee' into text field 'id=contactperson'.</msg>
<arg>id=contactperson</arg>
<arg>${CONTACT_PERSON}</arg>
<doc>Types the given ``text`` into the text field identified by ``locator``.</doc>
<status status="PASS" start="2025-01-09T23:39:29.332599" elapsed="0.147898"/>
</kw>
<kw name="Input Text" owner="SeleniumLibrary">
<msg time="2025-01-09T23:39:29.481495" level="INFO">Typing text 'Mother' into text field 'id=relationship'.</msg>
<arg>id=relationship</arg>
<arg>${RELATIONSHIP}</arg>
<doc>Types the given ``text`` into the text field identified by ``locator``.</doc>
<status status="PASS" start="2025-01-09T23:39:29.481495" elapsed="0.086244"/>
</kw>
<kw name="Input Text" owner="SeleniumLibrary">
<msg time="2025-01-09T23:39:29.569809" level="INFO">Typing text 'somsong@kkumail.com' into text field 'id=email'.</msg>
<arg>id=email</arg>
<arg>${EMAIL}</arg>
<doc>Types the given ``text`` into the text field identified by ``locator``.</doc>
<status status="PASS" start="2025-01-09T23:39:29.568786" elapsed="0.103283"/>
</kw>
<kw name="Input Text" owner="SeleniumLibrary">
<msg time="2025-01-09T23:39:29.672069" level="INFO">Typing text '191' into text field 'id=phone'.</msg>
<arg>id=phone</arg>
<arg>191</arg>
<doc>Types the given ``text`` into the text field identified by ``locator``.</doc>
<status status="PASS" start="2025-01-09T23:39:29.672069" elapsed="0.071669"/>
</kw>
<kw name="Click Button" owner="SeleniumLibrary">
<msg time="2025-01-09T23:39:29.744750" level="INFO">Clicking button 'id=submitButton'.</msg>
<arg>id=submitButton</arg>
<doc>Clicks the button identified by ``locator``.</doc>
<status status="PASS" start="2025-01-09T23:39:29.744750" elapsed="0.072393"/>
</kw>
<kw name="Page Should Contain" owner="SeleniumLibrary">
<msg time="2025-01-09T23:39:29.929385" level="INFO" html="true">&lt;/td&gt;&lt;/tr&gt;&lt;tr&gt;&lt;td colspan="3"&gt;&lt;a href="selenium-screenshot-21.png"&gt;&lt;img src="selenium-screenshot-21.png" width="800px"&gt;&lt;/a&gt;</msg>
<msg time="2025-01-09T23:39:29.929385" level="FAIL">Page should have contained text '*Please enter a valid phone number!!' but did not.</msg>
<arg>*Please enter a valid phone number!!</arg>
<doc>Verifies that current page contains ``text``.</doc>
<status status="FAIL" start="2025-01-09T23:39:29.817143" elapsed="0.112242">Page should have contained text '*Please enter a valid phone number!!' but did not.</status>
</kw>
<kw name="Close Browser" owner="SeleniumLibrary">
<doc>Closes the current browser.</doc>
<status status="NOT RUN" start="2025-01-09T23:39:29.929385" elapsed="0.000000"/>
</kw>
<status status="FAIL" start="2025-01-09T23:39:27.005813" elapsed="2.924572">Page should have contained text '*Please enter a valid phone number!!' but did not.</status>
</test>
<status status="FAIL" start="2025-01-09T23:39:06.565753" elapsed="23.365630"/>
</suite>
<statistics>
<total>
<stat pass="3" fail="2" skip="0">All Tests</stat>
</total>
<tag>
</tag>
<suite>
<stat pass="3" fail="2" skip="0" id="s1" name="UAT-Lab7-002">UAT-Lab7-002</stat>
</suite>
</statistics>
<errors>
<msg time="2025-01-09T23:39:06.882011" level="WARN">exexcutable_path is being deprecated. Please use service to configure the driver's executable_path as per documentation.</msg>
<msg time="2025-01-09T23:39:10.741645" level="WARN">exexcutable_path is being deprecated. Please use service to configure the driver's executable_path as per documentation.</msg>
<msg time="2025-01-09T23:39:16.625435" level="WARN">exexcutable_path is being deprecated. Please use service to configure the driver's executable_path as per documentation.</msg>
<msg time="2025-01-09T23:39:21.871683" level="WARN">exexcutable_path is being deprecated. Please use service to configure the driver's executable_path as per documentation.</msg>
<msg time="2025-01-09T23:39:27.007924" level="WARN">exexcutable_path is being deprecated. Please use service to configure the driver's executable_path as per documentation.</msg>
</errors>
</robot>
